2016-07-21T23:09:52.540-0700 I CONTROL  [initandlisten] MongoDB starting : pid=18933 port=27017 dbpath=/data/db 64-bit host=Techbows-MacBook-Pro.local
2016-07-21T23:09:52.541-0700 I CONTROL  [initandlisten] db version v3.2.4
2016-07-21T23:09:52.541-0700 I CONTROL  [initandlisten] git version: e2ee9ffcf9f5a94fad76802e28cc978718bb7a30
2016-07-21T23:09:52.541-0700 I CONTROL  [initandlisten] allocator: system
2016-07-21T23:09:52.541-0700 I CONTROL  [initandlisten] modules: none
2016-07-21T23:09:52.541-0700 I CONTROL  [initandlisten] build environment:
2016-07-21T23:09:52.541-0700 I CONTROL  [initandlisten]     distarch: x86_64
2016-07-21T23:09:52.541-0700 I CONTROL  [initandlisten]     target_arch: x86_64
2016-07-21T23:09:52.541-0700 I CONTROL  [initandlisten] options: {}
2016-07-21T23:09:52.542-0700 I -        [initandlisten] Detected data files in /data/db created by the 'mmapv1' storage engine, so setting the active storage engine to 'mmapv1'.
2016-07-21T23:09:52.552-0700 I JOURNAL  [initandlisten] journal dir=/data/db/journal
2016-07-21T23:09:52.553-0700 I JOURNAL  [initandlisten] recover : no journal files present, no recovery needed
2016-07-21T23:09:52.567-0700 I JOURNAL  [durability] Durability thread started
2016-07-21T23:09:52.567-0700 I JOURNAL  [journal writer] Journal writer thread started
2016-07-21T23:09:53.842-0700 I NETWORK  [HostnameCanonicalizationWorker] Starting hostname canonicalization worker
2016-07-21T23:09:53.842-0700 I FTDC     [initandlisten] Initializing full-time diagnostic data capture with directory '/data/db/diagnostic.data'
2016-07-21T23:09:53.843-0700 I NETWORK  [initandlisten] waiting for connections on port 27017
2016-07-21T23:10:20.781-0700 I CONTROL  [signalProcessingThread] got signal 2 (Interrupt: 2), will terminate after current cmd ends
2016-07-21T23:10:20.781-0700 I FTDC     [signalProcessingThread] Shutting down full-time diagnostic data capture
2016-07-21T23:10:20.782-0700 I CONTROL  [signalProcessingThread] now exiting
2016-07-21T23:10:20.782-0700 I NETWORK  [signalProcessingThread] shutdown: going to close listening sockets...
2016-07-21T23:10:20.782-0700 I NETWORK  [signalProcessingThread] closing listening socket: 6
2016-07-21T23:10:20.782-0700 I NETWORK  [signalProcessingThread] closing listening socket: 7
2016-07-21T23:10:20.782-0700 I NETWORK  [signalProcessingThread] removing socket file: /tmp/mongodb-27017.sock
2016-07-21T23:10:20.782-0700 I NETWORK  [signalProcessingThread] shutdown: going to flush diaglog...
2016-07-21T23:10:20.783-0700 I NETWORK  [signalProcessingThread] shutdown: going to close sockets...
2016-07-21T23:10:20.783-0700 I STORAGE  [signalProcessingThread] shutdown: waiting for fs preallocator...
2016-07-21T23:10:20.783-0700 I STORAGE  [signalProcessingThread] shutdown: final commit...
2016-07-21T23:10:20.804-0700 I JOURNAL  [signalProcessingThread] journalCleanup...
2016-07-21T23:10:20.804-0700 I JOURNAL  [signalProcessingThread] removeJournalFiles
2016-07-21T23:10:20.805-0700 I JOURNAL  [signalProcessingThread] Terminating durability thread ...
2016-07-21T23:10:20.895-0700 I JOURNAL  [journal writer] Journal writer thread stopped
2016-07-21T23:10:20.896-0700 I JOURNAL  [durability] Durability thread stopped
2016-07-21T23:10:20.896-0700 I STORAGE  [signalProcessingThread] shutdown: closing all files...
2016-07-21T23:10:20.903-0700 I STORAGE  [signalProcessingThread] closeAllFiles() finished
2016-07-21T23:10:20.903-0700 I STORAGE  [signalProcessingThread] shutdown: removing fs lock...
2016-07-21T23:10:20.903-0700 I CONTROL  [signalProcessingThread] dbexit:  rc: 0

> tinyurl@0.0.0 start /var/www/html/web07/zizuo/17tiny/tiny
> node ./bin/www

[0mGET / [36m304 [0m5.921 ms - -[0m
[0mGET /stylesheets/style.css [32m200 [0m1.952 ms - 111[0m
[0mGET / [32m200 [0m0.910 ms - 412[0m
[0mGET /stylesheets/style.css [36m304 [0m0.386 ms - -[0m
Mongoose: mpromise (mongoose's default promise library) is deprecated, plug in your own promise library instead: http://mongoosejs.com/docs/promises.html
[0mPOST / [32m200 [0m15.733 ms - 463[0m
[0mGET /stylesheets/style.css [36m304 [0m0.393 ms - -[0m
redirect Tiny: nWWo8
error: null
tiny: { longUrl: 'google.com',
  shortUrl: 'tinyurl.techbow.com:3000/nWWo8',
  _id: 5796a408192d969c18130559,
  __v: 0 }
[0mGET /nWWo8 [36m302 [0m6.677 ms - 90[0m
[0mGET / [32m200 [0m0.508 ms - 412[0m
[0mGET /stylesheets/style.css [32m200 [0m0.572 ms - 111[0m
[0mGET / [32m200 [0m0.427 ms - 412[0m
[0mGET / [32m200 [0m0.445 ms - 412[0m
[0mGET / [32m200 [0m0.442 ms - 412[0m
[0mGET / [32m200 [0m0.895 ms - 412[0m
[0mGET / [32m200 [0m0.456 ms - 412[0m
[0mGET /stylesheets/style.css [32m200 [0m0.343 ms - 111[0m
[0mGET / [32m200 [0m0.668 ms - 412[0m
[0mGET /stylesheets/style.css [32m200 [0m0.273 ms - 111[0m
[0mGET / [32m200 [0m0.508 ms - 412[0m
[0mGET /stylesheets/style.css [32m200 [0m0.445 ms - 111[0m
[0mGET / [32m200 [0m1.087 ms - 412[0m
[0mGET /stylesheets/style.css [32m200 [0m0.315 ms - 111[0m
[0mGET / [32m200 [0m0.583 ms - 412[0m
[0mGET /stylesheets/style.css [32m200 [0m0.273 ms - 111[0m
[0mGET / [32m200 [0m0.433 ms - 412[0m
[0mGET /stylesheets/style.css [32m200 [0m0.273 ms - 111[0m
[0mGET / [32m200 [0m1.059 ms - 412[0m
[0mGET /stylesheets/style.css [32m200 [0m0.287 ms - 111[0m
[0mGET / [32m200 [0m0.646 ms - 412[0m
[0mGET /stylesheets/style.css [32m200 [0m0.279 ms - 111[0m
[0mGET / [32m200 [0m0.578 ms - 412[0m
[0mGET /stylesheets/style.css [32m200 [0m0.284 ms - 111[0m
[0mGET / [32m200 [0m0.435 ms - 412[0m
[0mGET /stylesheets/style.css [32m200 [0m0.958 ms - 111[0m
[0mGET / [32m200 [0m1.127 ms - 412[0m
[0mGET /stylesheets/style.css [32m200 [0m0.271 ms - 111[0m
[0mGET / [32m200 [0m0.444 ms - 412[0m
[0mGET /stylesheets/style.css [32m200 [0m0.275 ms - 111[0m
[0mGET / [32m200 [0m0.442 ms - 412[0m
[0mGET /stylesheets/style.css [32m200 [0m0.276 ms - 111[0m
[0mGET / [32m200 [0m0.432 ms - 412[0m
[0mGET /stylesheets/style.css [32m200 [0m1.042 ms - 111[0m
[0mGET / [32m200 [0m0.429 ms - 412[0m
[0mGET /stylesheets/style.css [32m200 [0m0.300 ms - 111[0m
[0mGET / [32m200 [0m0.476 ms - 412[0m
[0mGET /stylesheets/style.css [32m200 [0m0.295 ms - 111[0m
[0mGET / [32m200 [0m0.446 ms - 412[0m
[0mGET /stylesheets/style.css [36m304 [0m0.185 ms - -[0m
[0mPOST / [32m200 [0m3.050 ms - 463[0m
[0mGET /stylesheets/style.css [36m304 [0m0.208 ms - -[0m
[0mGET / [32m200 [0m0.465 ms - 412[0m
[0mGET /stylesheets/style.css [32m200 [0m0.281 ms - 111[0m
[0mGET / [32m200 [0m0.423 ms - 412[0m
[0mGET /stylesheets/style.css [32m200 [0m0.262 ms - 111[0m
[0mGET / [32m200 [0m0.453 ms - 412[0m
[0mGET / [32m200 [0m0.583 ms - 412[0m
[0mGET /stylesheets/style.css [36m304 [0m0.190 ms - -[0m
[0mPOST / [32m200 [0m1.602 ms - 463[0m
[0mGET /stylesheets/style.css [36m304 [0m0.189 ms - -[0m
[0mGET / [32m200 [0m0.976 ms - 412[0m
[0mGET / [32m200 [0m0.745 ms - 412[0m
[0mGET /stylesheets/style.css [32m200 [0m3.612 ms - 111[0m
[0mGET /stylesheets/style.css [32m200 [0m0.286 ms - 111[0m
[0mGET / [32m200 [0m0.652 ms - 412[0m
[0mGET / [32m200 [0m0.573 ms - 412[0m
[0mGET /stylesheets/style.css [32m200 [0m0.463 ms - 111[0m
[0mGET / [32m200 [0m1.193 ms - 412[0m
[0mGET /stylesheets/style.css [32m200 [0m0.297 ms - 111[0m
[0mGET /favicon.ico [32m200 [0m0.288 ms - 82[0m
[0mGET / [32m200 [0m0.754 ms - 412[0m
[0mGET /stylesheets/style.css [32m200 [0m0.306 ms - 111[0m
[0mGET /favicon.ico [32m200 [0m0.315 ms - 82[0m
[0mGET /favicon.ico [36m304 [0m0.279 ms - -[0m
[0mGET /favicon.ico [36m304 [0m0.189 ms - -[0m
[0mGET /favicon.ico [36m304 [0m0.187 ms - -[0m
[0mGET / [32m200 [0m0.598 ms - 412[0m
[0mGET /stylesheets/style.css [32m200 [0m0.316 ms - 111[0m
[0mGET / [32m200 [0m0.624 ms - 412[0m
[0mGET /stylesheets/style.css [32m200 [0m0.748 ms - 111[0m
[0mGET /favicon.ico [32m200 [0m0.269 ms - 82[0m
[0mGET /favicon.ico [36m304 [0m0.186 ms - -[0m
[0mGET /favicon.ico [36m304 [0m0.322 ms - -[0m
[0mGET / [32m200 [0m0.466 ms - 412[0m
[0mGET /stylesheets/style.css [32m200 [0m0.286 ms - 111[0m
[0mGET / [32m200 [0m0.679 ms - 412[0m
[0mGET /stylesheets/style.css [32m200 [0m0.273 ms - 111[0m
[0mGET / [32m200 [0m0.452 ms - 412[0m
[0mGET /stylesheets/style.css [32m200 [0m0.467 ms - 111[0m
[0mGET /favicon.ico [32m200 [0m0.326 ms - 82[0m
[0mGET /favicon.ico [36m304 [0m0.369 ms - -[0m
[0mGET /favicon.ico [36m304 [0m0.197 ms - -[0m
[0mGET / [32m200 [0m0.569 ms - 412[0m
[0mGET /stylesheets/style.css [32m200 [0m0.786 ms - 111[0m
[0mGET / [32m200 [0m0.659 ms - 412[0m
[0mGET /stylesheets/style.css [32m200 [0m0.275 ms - 111[0m
[0mGET / [32m200 [0m0.673 ms - 412[0m
[0mGET /stylesheets/style.css [32m200 [0m2.601 ms - 111[0m
[0mGET / [32m200 [0m0.441 ms - 412[0m
[0mGET / [32m200 [0m0.721 ms - 412[0m
[0mGET /stylesheets/style.css [32m200 [0m0.288 ms - 111[0m
[0mGET / [32m200 [0m0.473 ms - 412[0m
[0mGET /stylesheets/style.css [32m200 [0m0.401 ms - 111[0m
[0mGET / [32m200 [0m0.536 ms - 412[0m
[0mGET /stylesheets/style.css [32m200 [0m0.272 ms - 111[0m
[0mGET / [32m200 [0m0.597 ms - 412[0m
[0mGET /stylesheets/style.css [32m200 [0m0.280 ms - 111[0m
[0mGET / [32m200 [0m0.557 ms - 412[0m
[0mGET /stylesheets/style.css [36m304 [0m0.220 ms - -[0m
[0mGET / [32m200 [0m0.677 ms - 412[0m
[0mGET /stylesheets/style.css [32m200 [0m0.977 ms - 111[0m
[0mGET / [36m304 [0m0.647 ms - -[0m
[0mGET /stylesheets/style.css [36m304 [0m0.205 ms - -[0m
[0mPOST / [32m200 [0m2.400 ms - 463[0m
[0mGET /stylesheets/style.css [36m304 [0m0.252 ms - -[0m
[0mPOST / [32m200 [0m2.732 ms - 474[0m
[0mGET /stylesheets/style.css [36m304 [0m0.229 ms - -[0m
[0mGET / [32m200 [0m0.635 ms - 423[0m
[0mGET /stylesheets/style.css [36m304 [0m0.209 ms - -[0m
[0mPOST / [32m200 [0m1.905 ms - 474[0m
[0mGET /stylesheets/style.css [36m304 [0m0.289 ms - -[0m
redirect Tiny: fMUbp
error: null
tiny: { longUrl: 'd',
  shortUrl: 'tinyurl.techbow.com:3000/fMUbp',
  _id: 5796ac31192d969c1813055e,
  __v: 0 }
[0mGET /fMUbp [36m302 [0m2.283 ms - 72[0m
[0mGET /stylesheets/style.css [36m304 [0m0.210 ms - -[0m
[0mGET / [32m200 [0m0.624 ms - 423[0m
[0mGET /stylesheets/style.css [36m304 [0m0.270 ms - -[0m
[0mGET / [32m200 [0m0.592 ms - 423[0m
[0mGET /stylesheets/style.css [32m200 [0m0.649 ms - 111[0m
[0mGET / [32m200 [0m0.582 ms - 423[0m
[0mGET /stylesheets/style.css [32m200 [0m0.405 ms - 111[0m
[0mGET / [32m200 [0m0.492 ms - 423[0m
[0mGET /stylesheets/style.css [32m200 [0m0.625 ms - 111[0m
[0mPOST / [32m200 [0m2.215 ms - 474[0m
[0mGET /stylesheets/style.css [36m304 [0m0.388 ms - -[0m
[0mGET / [32m200 [0m1.121 ms - 423[0m
[0mGET / [32m200 [0m0.490 ms - 423[0m
[0mGET /stylesheets/style.css [32m200 [0m0.942 ms - 111[0m
[0mGET /favicon.ico [32m200 [0m0.862 ms - 82[0m
[0mPOST / [32m200 [0m2.052 ms - 474[0m
[0mGET /stylesheets/style.css [36m304 [0m0.202 ms - -[0m
[0mGET / [32m200 [0m0.478 ms - 423[0m
[0mGET /stylesheets/style.css [32m200 [0m0.372 ms - 111[0m
[0mGET / [32m200 [0m1.020 ms - 423[0m
[0mGET /stylesheets/style.css [32m200 [0m0.325 ms - 111[0m
[0mGET / [32m200 [0m0.544 ms - 423[0m
[0mGET /stylesheets/style.css [32m200 [0m0.277 ms - 111[0m
[0mGET /favicon.ico [32m200 [0m0.270 ms - 82[0m
[0mGET /favicon.ico [36m304 [0m0.223 ms - -[0m
[0mGET /favicon.ico [36m304 [0m0.197 ms - -[0m
[0mGET /favicon.ico [36m304 [0m0.189 ms - -[0m
[0mGET / [32m200 [0m0.651 ms - 423[0m
[0mGET / [32m200 [0m0.624 ms - 423[0m
[0mGET /stylesheets/style.css [32m200 [0m0.394 ms - 111[0m
[0mGET /favicon.ico [32m200 [0m0.303 ms - 82[0m
[0mGET /favicon.ico [36m304 [0m0.182 ms - -[0m
[0mGET /favicon.ico [36m304 [0m0.190 ms - -[0m
[0mGET /favicon.ico [32m200 [0m0.265 ms - 82[0m
[0mGET /favicon.ico [36m304 [0m0.327 ms - -[0m
[0mGET / [32m200 [0m0.568 ms - 423[0m
[0mGET /stylesheets/style.css [32m200 [0m0.857 ms - 111[0m
[0mPOST / [32m200 [0m2.066 ms - 474[0m
[0mGET /stylesheets/style.css [36m304 [0m0.208 ms - -[0m
[0mGET / [32m200 [0m0.481 ms - 423[0m
[0mGET / [32m200 [0m0.765 ms - 423[0m
[0mGET /stylesheets/style.css [32m200 [0m0.299 ms - 111[0m
[0mGET /favicon.ico [32m200 [0m0.279 ms - 82[0m
[0mPOST / [32m200 [0m6.308 ms - 474[0m
[0mGET /stylesheets/style.css [36m304 [0m0.216 ms - -[0m
[0mPOST / [32m200 [0m7.071 ms - 474[0m
[0mGET /stylesheets/style.css [36m304 [0m0.221 ms - -[0m
[0mPOST / [32m200 [0m1.887 ms - 474[0m
[0mGET /stylesheets/style.css [36m304 [0m0.259 ms - -[0m
[0mPOST / [32m200 [0m6.714 ms - 474[0m
[0mGET /stylesheets/style.css [36m304 [0m0.229 ms - -[0m
[0mGET / [32m200 [0m0.673 ms - 423[0m
[0mGET /stylesheets/style.css [32m200 [0m0.332 ms - 111[0m
[0mGET /favicon.ico [32m200 [0m0.314 ms - 82[0m
[0mPOST / [32m200 [0m2.279 ms - 474[0m
[0mGET /stylesheets/style.css [36m304 [0m0.273 ms - -[0m
[0mGET / [32m200 [0m1.569 ms - 423[0m
[0mGET /stylesheets/style.css [32m200 [0m0.358 ms - 111[0m
[0mPOST / [32m200 [0m2.309 ms - 474[0m
[0mGET /stylesheets/style.css [36m304 [0m0.270 ms - -[0m
[0mGET / [32m200 [0m0.737 ms - 423[0m
[0mGET / [32m200 [0m0.616 ms - 423[0m
[0mGET /stylesheets/style.css [32m200 [0m0.455 ms - 111[0m
[0mPOST / [32m200 [0m2.276 ms - 474[0m
[0mGET /stylesheets/style.css [36m304 [0m0.405 ms - -[0m
[0mGET / [32m200 [0m0.693 ms - 423[0m
[0mGET / [32m200 [0m9.170 ms - 423[0m
[0mGET /stylesheets/style.css [32m200 [0m0.396 ms - 111[0m
[0mGET / [32m200 [0m0.535 ms - 423[0m
[0mGET /stylesheets/style.css [32m200 [0m0.281 ms - 111[0m
[0mGET / [32m200 [0m0.463 ms - 423[0m
[0mGET /stylesheets/style.css [32m200 [0m0.272 ms - 111[0m
[0mGET / [32m200 [0m0.438 ms - 423[0m
[0mGET /stylesheets/style.css [32m200 [0m0.289 ms - 111[0m
[0mGET / [32m200 [0m0.437 ms - 423[0m
[0mGET /stylesheets/style.css [32m200 [0m0.266 ms - 111[0m
[0mPOST / [32m200 [0m2.008 ms - 474[0m
[0mGET /stylesheets/style.css [36m304 [0m0.214 ms - -[0m
[0mGET / [32m200 [0m0.493 ms - 423[0m
[0mGET /stylesheets/style.css [36m304 [0m0.213 ms - -[0m
[0mGET / [32m200 [0m0.431 ms - 423[0m
[0mGET /stylesheets/style.css [32m200 [0m0.265 ms - 111[0m
[0mGET /favicon.ico [32m200 [0m0.253 ms - 82[0m
[0mGET /favicon.ico [36m304 [0m0.177 ms - -[0m
[0mGET /favicon.ico [36m304 [0m0.185 ms - -[0m
[0mPOST / [32m200 [0m1.714 ms - 474[0m
[0mGET /stylesheets/style.css [36m304 [0m0.205 ms - -[0m
[0mPOST / [32m200 [0m6.116 ms - 474[0m
[0mGET / [32m200 [0m0.449 ms - 423[0m
[0mGET /stylesheets/style.css [32m200 [0m0.425 ms - 111[0m
[0mGET / [32m200 [0m0.448 ms - 423[0m
[0mGET /stylesheets/style.css [32m200 [0m0.265 ms - 111[0m
[0mPOST / [32m200 [0m2.130 ms - 474[0m
[0mGET /stylesheets/style.css [36m304 [0m0.197 ms - -[0m
[0mGET / [32m200 [0m0.495 ms - 423[0m
[0mGET / [32m200 [0m0.473 ms - 423[0m
[0mGET /stylesheets/style.css [32m200 [0m0.264 ms - 111[0m
[0mGET / [32m200 [0m0.453 ms - 423[0m
[0mGET /stylesheets/style.css [32m200 [0m0.275 ms - 111[0m
[0mGET / [32m200 [0m0.439 ms - 423[0m
[0mGET /stylesheets/style.css [32m200 [0m0.536 ms - 111[0m
[0mGET / [32m200 [0m0.517 ms - 423[0m
[0mGET /stylesheets/style.css [32m200 [0m0.300 ms - 111[0m
[0mGET /favicon.ico [32m200 [0m0.269 ms - 82[0m
[0mGET /favicon.ico [36m304 [0m0.200 ms - -[0m
[0mGET /favicon.ico [36m304 [0m0.191 ms - -[0m
[0mGET / [32m200 [0m0.451 ms - 423[0m
[0mGET /stylesheets/style.css [32m200 [0m0.837 ms - 111[0m
[0mGET / [32m200 [0m0.437 ms - 423[0m
[0mGET /stylesheets/style.css [32m200 [0m0.274 ms - 111[0m
[0mGET / [32m200 [0m0.441 ms - 423[0m
[0mGET /stylesheets/style.css [32m200 [0m0.270 ms - 111[0m
[0mGET / [32m200 [0m0.441 ms - 423[0m
[0mGET /stylesheets/style.css [32m200 [0m0.265 ms - 111[0m
[0mPOST / [32m200 [0m1.695 ms - 474[0m
[0mGET /stylesheets/style.css [36m304 [0m0.193 ms - -[0m
[0mGET / [32m200 [0m0.460 ms - 423[0m
[0mGET /stylesheets/style.css [32m200 [0m0.271 ms - 111[0m
[0mGET / [32m200 [0m0.646 ms - 423[0m
[0mGET /stylesheets/style.css [32m200 [0m0.268 ms - 111[0m
[0mGET / [32m200 [0m0.430 ms - 423[0m
[0mGET /stylesheets/style.css [32m200 [0m0.265 ms - 111[0m
[0mGET /favicon.ico [32m200 [0m0.282 ms - 82[0m
[0mGET / [36m304 [0m0.448 ms - -[0m
[0mGET /favicon.ico [36m304 [0m0.435 ms - -[0m
[0mGET /stylesheets/style.css [36m304 [0m0.196 ms - -[0m
[0mGET /favicon.ico [36m304 [0m0.508 ms - -[0m
[0mGET /favicon.ico [36m304 [0m0.194 ms - -[0m
[0mGET /favicon.ico [36m304 [0m0.184 ms - -[0m
[0mGET /favicon.ico [36m304 [0m0.183 ms - -[0m
[0mGET /favicon.ico [36m304 [0m0.175 ms - -[0m
[0mGET /favicon.ico [36m304 [0m0.181 ms - -[0m
[0mGET / [32m200 [0m0.449 ms - 423[0m
[0mGET /stylesheets/style.css [32m200 [0m0.279 ms - 111[0m
[0mGET / [32m200 [0m0.457 ms - 423[0m
[0mGET /stylesheets/style.css [32m200 [0m0.289 ms - 111[0m
[0mGET / [32m200 [0m0.442 ms - 423[0m
[0mGET /stylesheets/style.css [36m304 [0m0.190 ms - -[0m
[0mPOST / [32m200 [0m1.708 ms - 474[0m
[0mGET /stylesheets/style.css [36m304 [0m0.185 ms - -[0m
[0mGET / [32m200 [0m0.470 ms - 423[0m
[0mGET / [32m200 [0m0.463 ms - 423[0m
[0mGET /stylesheets/style.css [36m304 [0m0.182 ms - -[0m
[0mPOST / [32m200 [0m1.940 ms - 474[0m
[0mGET /stylesheets/style.css [36m304 [0m0.184 ms - -[0m
[0mGET / [32m200 [0m0.455 ms - 423[0m
[0mGET / [32m200 [0m0.451 ms - 423[0m
[0mGET /stylesheets/style.css [32m200 [0m0.265 ms - 111[0m
[0mPOST / [32m200 [0m7.616 ms - 474[0m
[0mGET /stylesheets/style.css [36m304 [0m0.187 ms - -[0m
[0mGET / [32m200 [0m0.449 ms - 423[0m
[0mGET / [32m200 [0m0.446 ms - 423[0m
[0mGET /stylesheets/style.css [32m200 [0m0.267 ms - 111[0m
[0mGET / [32m200 [0m1.131 ms - 423[0m
[0mGET /stylesheets/style.css [32m200 [0m0.268 ms - 111[0m
[0mPOST / [32m200 [0m1.503 ms - 474[0m
[0mGET /stylesheets/style.css [36m304 [0m0.185 ms - -[0m
[0mGET / [32m200 [0m0.447 ms - 423[0m
[0mGET / [32m200 [0m1.007 ms - 423[0m
[0mGET /stylesheets/style.css [32m200 [0m0.296 ms - 111[0m
[0mGET / [32m200 [0m1.229 ms - 423[0m
[0mGET /stylesheets/style.css [32m200 [0m0.266 ms - 111[0m
[0mGET / [32m200 [0m0.474 ms - 423[0m
[0mGET /stylesheets/style.css [32m200 [0m0.269 ms - 111[0m
[0mGET / [32m200 [0m1.917 ms - 423[0m
[0mGET /stylesheets/style.css [32m200 [0m0.270 ms - 111[0m
[0mGET / [32m200 [0m0.490 ms - 423[0m
[0mGET /stylesheets/style.css [36m304 [0m0.190 ms - -[0m
[0mGET / [32m200 [0m0.448 ms - 423[0m
[0mGET /stylesheets/style.css [32m200 [0m0.262 ms - 111[0m
[0mGET / [32m200 [0m0.444 ms - 423[0m
[0mGET /stylesheets/style.css [32m200 [0m0.280 ms - 111[0m
[0mGET /favicon.ico [32m200 [0m0.264 ms - 82[0m
[0mPOST / [32m200 [0m1.648 ms - 474[0m
[0mGET /stylesheets/style.css [36m304 [0m0.187 ms - -[0m
redirect Tiny: bTogc
error: null
tiny: { longUrl: 'www.google.com',
  shortUrl: 'tinyurl.techbow.com:3000/bTogc',
  _id: 5796bcaa192d969c18130572,
  __v: 0 }
[0mGET /bTogc [36m302 [0m1.187 ms - 98[0m
[0mGET / [32m200 [0m0.456 ms - 423[0m
[0mGET /stylesheets/style.css [32m200 [0m0.273 ms - 111[0m
[0mGET / [32m200 [0m0.478 ms - 423[0m
[0mPOST / [32m200 [0m1.693 ms - 474[0m
[0mGET /stylesheets/style.css [36m304 [0m0.365 ms - -[0m
[0mGET / [32m200 [0m0.460 ms - 423[0m
[0mPOST / [32m200 [0m1.798 ms - 474[0m
[0mGET /stylesheets/style.css [36m304 [0m0.196 ms - -[0m
[0mGET / [32m200 [0m1.106 ms - 423[0m
[0mPOST / [32m200 [0m1.564 ms - 474[0m
[0mGET /stylesheets/style.css [36m304 [0m0.279 ms - -[0m
[0mGET / [32m200 [0m0.453 ms - 423[0m
[0mGET /stylesheets/style.css [32m200 [0m0.271 ms - 111[0m
[0mGET /favicon.ico [32m200 [0m0.271 ms - 82[0m
[0mGET /favicon.ico [36m304 [0m0.185 ms - -[0m
[0mGET /favicon.ico [36m304 [0m0.181 ms - -[0m
[0mGET /favicon.ico [36m304 [0m0.183 ms - -[0m
[0mPOST / [32m200 [0m2.111 ms - 474[0m
[0mGET /stylesheets/style.css [36m304 [0m0.193 ms - -[0m
[0mGET /favicon.ico [36m304 [0m0.190 ms - -[0m
[0mGET /favicon.ico [36m304 [0m0.183 ms - -[0m
[0mGET /favicon.ico [36m304 [0m0.183 ms - -[0m
[0mGET /favicon.ico [36m304 [0m0.184 ms - -[0m
[0mGET / [32m200 [0m0.449 ms - 423[0m
[0mGET /favicon.ico [36m304 [0m0.181 ms - -[0m
[0mGET /favicon.ico [36m304 [0m0.179 ms - -[0m
[0mGET /favicon.ico [36m304 [0m0.182 ms - -[0m
[0mGET /favicon.ico [36m304 [0m0.178 ms - -[0m
[0mGET / [32m200 [0m0.446 ms - 423[0m
[0mGET /stylesheets/style.css [32m200 [0m0.281 ms - 111[0m
[0mGET / [32m200 [0m0.434 ms - 423[0m
[0mGET /stylesheets/style.css [32m200 [0m0.267 ms - 111[0m
[0mGET / [32m200 [0m0.450 ms - 423[0m
[0mGET /stylesheets/style.css [32m200 [0m0.272 ms - 111[0m
[0mGET / [32m200 [0m0.459 ms - 423[0m
[0mGET /stylesheets/style.css [32m200 [0m0.265 ms - 111[0m
[0mGET / [32m200 [0m0.442 ms - 423[0m
[0mGET /stylesheets/style.css [32m200 [0m0.261 ms - 111[0m
[0mGET / [32m200 [0m0.453 ms - 423[0m
[0mGET /stylesheets/style.css [32m200 [0m0.282 ms - 111[0m
[0mGET / [32m200 [0m0.470 ms - 423[0m
[0mGET /stylesheets/style.css [32m200 [0m0.271 ms - 111[0m
[0mGET / [32m200 [0m0.442 ms - 423[0m
[0mGET /stylesheets/style.css [32m200 [0m0.268 ms - 111[0m
[0mGET / [32m200 [0m0.433 ms - 423[0m
[0mGET /stylesheets/style.css [32m200 [0m0.268 ms - 111[0m
[0mGET / [32m200 [0m0.439 ms - 423[0m
[0mGET /stylesheets/style.css [32m200 [0m0.262 ms - 111[0m
[0mGET /favicon.ico [32m200 [0m0.262 ms - 82[0m
[0mGET /favicon.ico [36m304 [0m0.185 ms - -[0m
[0mGET /favicon.ico [36m304 [0m0.181 ms - -[0m
[0mGET /favicon.ico [36m304 [0m0.187 ms - -[0m
[0mGET / [32m200 [0m0.467 ms - 423[0m
[0mGET /stylesheets/style.css [32m200 [0m0.281 ms - 111[0m
[0mGET / [32m200 [0m0.436 ms - 423[0m
[0mGET /stylesheets/style.css [32m200 [0m0.267 ms - 111[0m
[0mPOST / [32m200 [0m1.765 ms - 474[0m
[0mGET /stylesheets/style.css [36m304 [0m0.205 ms - -[0m
[0mGET / [32m200 [0m0.903 ms - 423[0m
[0mGET /stylesheets/style.css [32m200 [0m0.264 ms - 111[0m
[0mGET / [32m200 [0m0.452 ms - 423[0m
[0mGET /stylesheets/style.css [32m200 [0m0.510 ms - 111[0m
[0mPOST / [32m200 [0m5.778 ms - 474[0m
[0mGET /stylesheets/style.css [36m304 [0m0.184 ms - -[0m
[0mPOST / [32m200 [0m6.238 ms - 474[0m
[0mGET /stylesheets/style.css [36m304 [0m0.183 ms - -[0m
[0mPOST / [32m200 [0m1.915 ms - 474[0m
[0mGET / [32m200 [0m0.466 ms - 423[0m
[0mGET /stylesheets/style.css [32m200 [0m0.264 ms - 111[0m
[0mPOST / [32m200 [0m6.223 ms - 474[0m
[0mGET /stylesheets/style.css [36m304 [0m0.189 ms - -[0m
[0mGET / [32m200 [0m0.597 ms - 423[0m
[0mGET /stylesheets/style.css [32m200 [0m0.262 ms - 111[0m
[0mGET / [32m200 [0m0.428 ms - 423[0m
[0mGET /stylesheets/style.css [32m200 [0m0.285 ms - 111[0m
[0mGET / [32m200 [0m0.428 ms - 423[0m
[0mGET /stylesheets/style.css [32m200 [0m0.281 ms - 111[0m
[0mGET /favicon.ico [32m200 [0m0.257 ms - 82[0m
[0mPOST / [32m200 [0m1.613 ms - 474[0m
[0mGET /stylesheets/style.css [36m304 [0m0.186 ms - -[0m
[0mGET / [32m200 [0m0.459 ms - 423[0m
[0mGET /stylesheets/style.css [32m200 [0m0.274 ms - 111[0m
[0mPOST / [32m200 [0m1.486 ms - 474[0m
[0mGET /stylesheets/style.css [36m304 [0m0.196 ms - -[0m
[0mPOST / [32m200 [0m7.395 ms - 474[0m
[0mGET /stylesheets/style.css [36m304 [0m0.197 ms - -[0m
[0mPOST / [32m200 [0m6.092 ms - 474[0m
[0mGET / [32m200 [0m0.462 ms - 423[0m
[0mGET /stylesheets/style.css [32m200 [0m0.290 ms - 111[0m
[0mGET / [32m200 [0m0.523 ms - 423[0m
[0mGET /stylesheets/style.css [36m304 [0m0.189 ms - -[0m
[0mGET / [32m200 [0m0.438 ms - 423[0m
[0mGET /stylesheets/style.css [32m200 [0m0.262 ms - 111[0m
[0mPOST / [32m200 [0m3.055 ms - 474[0m
[0mGET /stylesheets/style.css [36m304 [0m0.191 ms - -[0m
redirect Tiny: FtgSd
error: null
tiny: { longUrl: 'Www.baidu.com',
  shortUrl: 'tinyurl.techbow.com:3000/FtgSd',
  _id: 57970662192d969c18130580,
  __v: 0 }
[0mGET /FtgSd [36m302 [0m1.077 ms - 96[0m
[0mGET / [32m200 [0m0.451 ms - 423[0m
[0mGET / [32m200 [0m2.745 ms - 423[0m
[0mGET /stylesheets/style.css [32m200 [0m0.281 ms - 111[0m
[0mPOST / [32m200 [0m1.487 ms - 474[0m
[0mGET /stylesheets/style.css [36m304 [0m0.187 ms - -[0m
[0mGET / [32m200 [0m0.453 ms - 423[0m
redirect Tiny: FLHj8
error: null
tiny: { longUrl: 'ancdefg',
  shortUrl: 'tinyurl.techbow.com:3000/FLHj8',
  _id: 57970df4192d969c18130581,
  __v: 0 }
[0mGET /FLHj8 [36m302 [0m1.011 ms - 84[0m
redirect Tiny: FLHj8
error: null
tiny: { longUrl: 'ancdefg',
  shortUrl: 'tinyurl.techbow.com:3000/FLHj8',
  _id: 57970df4192d969c18130581,
  __v: 0 }
[0mGET /FLHj8 [36m302 [0m1.000 ms - 84[0m
[0mGET / [32m200 [0m0.458 ms - 423[0m
[0mGET /stylesheets/style.css [32m200 [0m0.273 ms - 111[0m
[0mGET / [32m200 [0m0.448 ms - 423[0m
[0mGET /stylesheets/style.css [32m200 [0m0.262 ms - 111[0m
[0mGET / [32m200 [0m0.451 ms - 423[0m
[0mGET /stylesheets/style.css [32m200 [0m0.265 ms - 111[0m
[0mGET / [32m200 [0m0.453 ms - 423[0m
[0mGET /stylesheets/style.css [36m304 [0m0.201 ms - -[0m
[0mPOST / [32m200 [0m2.278 ms - 474[0m
[0mGET /stylesheets/style.css [36m304 [0m0.204 ms - -[0m
redirect Tiny: GkxhU
error: null
tiny: { longUrl: 'gogo.com',
  shortUrl: 'tinyurl.techbow.com:3000/GkxhU',
  _id: 5797a513192d969c18130582,
  __v: 0 }
[0mGET /GkxhU [36m302 [0m1.057 ms - 86[0m
[0mGET / [32m200 [0m0.439 ms - 423[0m
[0mGET /stylesheets/style.css [32m200 [0m0.271 ms - 111[0m
[0mGET / [32m200 [0m0.440 ms - 423[0m
[0mGET /stylesheets/style.css [32m200 [0m0.261 ms - 111[0m
[0mGET / [32m200 [0m0.428 ms - 423[0m
[0mGET /stylesheets/style.css [36m304 [0m0.350 ms - -[0m
[0mPOST / [32m200 [0m1.484 ms - 474[0m
[0mGET /stylesheets/style.css [36m304 [0m0.178 ms - -[0m
[0mGET / [32m200 [0m0.495 ms - 423[0m
redirect Tiny: HqQeR
error: null
tiny: { longUrl: 'www.google.com',
  shortUrl: 'tinyurl.techbow.com:3000/HqQeR',
  _id: 5797af07192d969c18130583,
  __v: 0 }
[0mGET /HqQeR [36m302 [0m0.971 ms - 98[0m
redirect Tiny: fGCQr
error: null
tiny: null
[0mGET /fGCQr [36m302 [0m1.244 ms - 58[0m
[0mGET / [32m200 [0m0.487 ms - 423[0m
[0mGET /stylesheets/style.css [32m200 [0m0.280 ms - 111[0m
[0mGET /favicon.ico [32m200 [0m0.272 ms - 82[0m
redirect Tiny: fGCQr
error: null
tiny: null
[0mGET /fGCQr [36m302 [0m0.698 ms - 58[0m
[0mGET / [36m304 [0m0.474 ms - -[0m
[0mGET /stylesheets/style.css [36m304 [0m0.191 ms - -[0m
[0mGET / [32m200 [0m0.514 ms - 423[0m
[0mGET /stylesheets/style.css [36m304 [0m0.200 ms - -[0m
[0mGET / [36m304 [0m0.468 ms - -[0m
[0mGET /stylesheets/style.css [36m304 [0m0.198 ms - -[0m
[0mGET / [32m200 [0m0.442 ms - 423[0m
[0mGET /stylesheets/style.css [32m200 [0m0.284 ms - 111[0m
[0mGET /favicon.ico [32m200 [0m0.291 ms - 82[0m
[0mGET / [36m304 [0m0.558 ms - -[0m
[0mGET /stylesheets/style.css [36m304 [0m0.966 ms - -[0m
[0mGET / [36m304 [0m0.490 ms - -[0m
[0mGET /stylesheets/style.css [36m304 [0m0.205 ms - -[0m
[0mGET / [36m304 [0m0.477 ms - -[0m
[0mGET /stylesheets/style.css [36m304 [0m0.215 ms - -[0m
[0mGET / [36m304 [0m0.487 ms - -[0m
[0mGET / [32m200 [0m0.452 ms - 423[0m
[0mGET /stylesheets/style.css [36m304 [0m0.217 ms - -[0m
[0mGET / [32m200 [0m0.442 ms - 423[0m
[0mGET /stylesheets/style.css [32m200 [0m16.063 ms - 111[0m
[0mGET /favicon.ico [32m200 [0m0.278 ms - 82[0m
[0mGET / [32m200 [0m0.455 ms - 423[0m
[0mGET /stylesheets/style.css [32m200 [0m0.287 ms - 111[0m
[0mGET / [32m200 [0m0.461 ms - 423[0m
[0mGET /stylesheets/style.css [36m304 [0m0.198 ms - -[0m
[0mPOST / [32m200 [0m30.527 ms - 474[0m
[0mGET /stylesheets/style.css [36m304 [0m0.209 ms - -[0m
redirect Tiny: uBJOP
error: null
tiny: { longUrl: 'https://www.google.com/search?site=&source=hp&q=pokemon&oq=pokemon&gs_l=hp.3..35i39l2j0i131j0i3l3j0i131j0i3l3.2345.4343.0.4905.8.8.0.0.0.0.174.725.7j1.8.0....0...1c.1.64.hp..0.7.640.0..0.ru_1cWrZ394',
  shortUrl: 'tinyurl.techbow.com:3000/uBJOP',
  _id: 579ad845192d969c18130584,
  __v: 0 }
[0mGET /uBJOP [36m302 [0m1.060 ms - 498[0m
[0mGET / [32m200 [0m0.478 ms - 423[0m
[0mGET /stylesheets/style.css [36m304 [0m0.215 ms - -[0m
[0mGET / [32m200 [0m0.491 ms - 423[0m
[0mGET /stylesheets/style.css [36m304 [0m0.445 ms - -[0m
[0mGET / [36m304 [0m0.502 ms - -[0m
[0mGET /stylesheets/style.css [36m304 [0m0.279 ms - -[0m
[0mGET / [36m304 [0m0.482 ms - -[0m
[0mGET /stylesheets/style.css [36m304 [0m0.208 ms - -[0m
[0mGET / [32m200 [0m0.465 ms - 423[0m
[0mGET /stylesheets/style.css [32m200 [0m0.307 ms - 111[0m
[0mGET /favicon.ico [32m200 [0m0.279 ms - 82[0m
[0mPOST / [32m200 [0m1.511 ms - 474[0m
[0mGET /stylesheets/style.css [36m304 [0m0.193 ms - -[0m
[0mPOST / [32m200 [0m1.535 ms - 474[0m
[0mGET /stylesheets/style.css [36m304 [0m0.190 ms - -[0m
redirect Tiny: Fivhb
error: null
tiny: { longUrl: 'www.GOOGOLE.com',
  shortUrl: 'tinyurl.techbow.com:3000/Fivhb',
  _id: 57a7b33a192d969c18130586,
  __v: 0 }
[0mGET /Fivhb [36m302 [0m1.209 ms - 100[0m
redirect Tiny: fivhb
error: null
tiny: null
[0mGET /fivhb [36m302 [0m0.864 ms - 58[0m
[0mGET / [32m200 [0m0.461 ms - 423[0m
[0mGET /stylesheets/style.css [36m304 [0m0.192 ms - -[0m
redirect Tiny: Fivhb
error: null
tiny: { longUrl: 'www.GOOGOLE.com',
  shortUrl: 'tinyurl.techbow.com:3000/Fivhb',
  _id: 57a7b33a192d969c18130586,
  __v: 0 }
[0mGET /Fivhb [36m302 [0m1.676 ms - 100[0m
redirect Tiny: fivhb
error: null
tiny: null
[0mGET /fivhb [36m302 [0m0.712 ms - 58[0m
[0mGET / [36m304 [0m0.466 ms - -[0m
[0mGET /stylesheets/style.css [36m304 [0m0.196 ms - -[0m
[0mGET / [32m200 [0m0.445 ms - 423[0m
[0mGET / [32m200 [0m0.442 ms - 423[0m
redirect Tiny: sitemap.xml
error: null
tiny: null
[0mGET /sitemap.xml [36m302 [0m1.173 ms - 35[0m
[0mGET / [32m200 [0m0.506 ms - 423[0m
[0mGET /stylesheets/style.css [32m200 [0m0.303 ms - 111[0m
[0mGET /favicon.ico [32m200 [0m0.581 ms - 82[0m
[0mGET / [32m200 [0m0.875 ms - 423[0m
redirect Tiny: robots.txt
error: null
tiny: null
[0mGET /robots.txt [36m302 [0m0.683 ms - 35[0m
redirect Tiny: sitemap.xml
error: null
tiny: null
[0mGET /sitemap.xml [36m302 [0m0.671 ms - 35[0m
[0mGET / [36m304 [0m0.490 ms - -[0m
[0mGET /stylesheets/style.css [36m304 [0m0.212 ms - -[0m
[0mGET / [32m200 [0m0.465 ms - 423[0m
[0mGET /stylesheets/style.css [32m200 [0m0.283 ms - 111[0m
[0mGET /favicon.ico [32m200 [0m0.291 ms - 82[0m

> tinyurl@0.0.0 start /var/www/html/web07/zizuo/17tiny/tiny
> node ./bin/www "app.js" "bin" "db.js" "model" "node_modules" "nohup.out" "package.json" "persist" "public" "routes" "utils.js" "views"


> tinyurl@0.0.0 start /var/www/html/web07/zizuo/17tiny/tiny
> node ./bin/www

[0mGET / [36m304 [0m35.138 ms - -[0m
[0mGET /stylesheets/style.css [36m304 [0m1.052 ms - -[0m
[0mGET / [36m304 [0m0.874 ms - -[0m
[0mGET /stylesheets/style.css [36m304 [0m0.374 ms - -[0m
Mongoose: mpromise (mongoose's default promise library) is deprecated, plug in your own promise library instead: http://mongoosejs.com/docs/promises.html
[0mPOST / [32m200 [0m63.253 ms - 474[0m
[0mGET /stylesheets/style.css [36m304 [0m0.237 ms - -[0m
redirect Tiny: k2amc
error: null
tiny: { longUrl: 'asdfa',
  shortUrl: 'tinyurl.techbow.com:3000/k2amc',
  _id: 57be3578f1faa51357f9b94b,
  __v: 0 }
[0mGET /k2amc [36m302 [0m6.622 ms - 80[0m
[0mGET / [32m200 [0m0.717 ms - 423[0m
[0mGET /stylesheets/style.css [36m304 [0m0.279 ms - -[0m

npm ERR! Linux 3.16.0-71-generic
npm ERR! argv "node" "/usr/local/bin/npm" "start"
npm ERR! node v0.10.25
npm ERR! npm  v3.3.12
npm ERR! code ELIFECYCLE
npm ERR! tinyurl@0.0.0 start: `node ./bin/www`
npm ERR! Exit status 143
npm ERR! 
npm ERR! Failed at the tinyurl@0.0.0 start script 'node ./bin/www'.
npm ERR! Make sure you have the latest version of node.js and npm installed.
npm ERR! If you do, this is most likely a problem with the tinyurl package,
npm ERR! not with npm itself.
npm ERR! Tell the author that this fails on your system:
npm ERR!     node ./bin/www
npm ERR! You can get their info via:
npm ERR!     npm owner ls tinyurl
npm ERR! There is likely additional logging output above.

npm ERR! Please include the following file with any support request:
npm ERR!     /var/www/html/web07/zizuo/17tiny/tiny/npm-debug.log
